C51 COMPILER V9.60.0.0   MAIN                                                              04/20/2022 17:16:48 PAGE 1   


C51 COMPILER V9.60.0.0, COMPILATION OF MODULE MAIN
OBJECT MODULE PLACED IN .\Objects\main.obj
COMPILER INVOKED BY: C:\Keil_v5\C51\BIN\C51.EXE user\src\main.c OPTIMIZE(0,SPEED) BROWSE INCDIR(.\include;.\user\inc) DE
                    -BUG OBJECTEXTEND PRINT(.\Listings\main.lst) OBJECT(.\Objects\main.obj)

line level    source

   1          /*********************************************************************
   2              项目名称:MA82G5Bxx-DEMO
   3                                  测试板使用 MA82G5B32    LQFP32_V10 EV Board (TH156A)
   4                                  CpuCLK=12MHz, SysCLK=12MHz
   5                  功能描述：
   6          
   7                  注意事项：
   8          
   9              建立时间:
  10              修改日志:
  11              
  12          *********************************************************************/
  13          #include "gpio.h" 
  14          #include "timer.h"
  15          #include "uart.h"
  16          #include "IAP_flash.h"
  17          #include "spi.h"  
  18          #include "ML7345.h"
  19          #include "ID_Decode.h"
  20          
  21          
  22          void main()
  23          {
  24   1          Init_WDT();    
  25   1          Init_Clock();
  26   1          ClearWDT();
  27   1          Init_IAP_flash();
  28   1          eeprom_sys_load();
  29   1          Init_Port();
  30   1              Init_Timer0(); 
  31   1          Init_Uart0_T1_ODD();       
  32   1          Init_Beep();
  33   1          Init_Spi();  
  34   1          ClearWDT();
  35   1          PROFILE_CH_FREQ_32bit_200002EC = 426075000;
  36   1          RF_ML7345_Init(Fre_426_075,0x15,12);    //约11ms
  37   1          TIME_power_led = 500;
  38   1          ClearWDT();
  39   1          Init_Interrupt();
  40   1          INT_EnAll();  // 使能全局中断
  41   1          ML7345D_RF_test_mode();
  42   1          FLAG_APP_RX = 1; 
  43   1          ML7345_SetAndGet_State(RX_ON);
  44   1          CG2214M6_USE_R;
  45   1          
  46   1          while(1) 
  47   1          {
  48   2              ClearWDT(); // Service the WDT
  49   2              if(FLAG_testBEEP != 0)    TEST_beep();
  50   2              
  51   2              if (time_Login_exit_256 == 0)
  52   2                  ID_Decode_OUT();
  53   2              ID_learn();
  54   2              if(ID_SCX1801_DATA != 0)  APP_TX_PACKET();
C51 COMPILER V9.60.0.0   MAIN                                                              04/20/2022 17:16:48 PAGE 2   

  55   2              if(FLAG_APP_RX == 1)
  56   2              {
  57   3                        ML7345D_Freq_Scanning();
  58   3                                SCAN_RECEIVE_PACKET(); 
  59   3              }
  60   2              TranmissionACK();
  61   2              if (FG_Receiver_LED_RX == 1)
  62   2                  Receiver_LED_RX = 1;
  63   2              else if (FG_Receiver_LED_RX == 0)
  64   2                  Receiver_LED_RX = 0;
  65   2          }
  66   1      }
  67          
  68          


MODULE INFORMATION:   STATIC OVERLAYABLE
   CODE SIZE        =    258    ----
   CONSTANT SIZE    =   ----    ----
   XDATA SIZE       =   ----    ----
   PDATA SIZE       =   ----    ----
   DATA SIZE        =   ----    ----
   IDATA SIZE       =   ----    ----
   BIT SIZE         =   ----    ----
END OF MODULE INFORMATION.


C51 COMPILATION COMPLETE.  0 WARNING(S),  0 ERROR(S)
