C51 COMPILER V9.60.0.0   SYS                                                               04/15/2022 17:34:28 PAGE 1   


C51 COMPILER V9.60.0.0, COMPILATION OF MODULE SYS
OBJECT MODULE PLACED IN .\Objects\sys.obj
COMPILER INVOKED BY: C:\Keil_v5\C51\BIN\C51.EXE user\src\sys.c OPTIMIZE(0,SPEED) BROWSE INCDIR(.\include;.\user\inc) DEB
                    -UG OBJECTEXTEND PRINT(.\Listings\sys.lst) OBJECT(.\Objects\sys.obj)

line level    source

   1          #include "sys.h"
   2          
   3          
   4          void Init_Clock(void)
   5          {
   6   1      #if (MCU_SYSCLK == 16000000)
   7   1          CLK_SetCKCON0(IHRCO_12MHz|ENABLE_CKM|CKM_OSCIN_DIV_2|CPUCLK_SYSCLK_DIV_1|SYSCLK_MCKDO_DIV_1);
   8   1          DelayXus(100);
   9   1          CLK_SetCKCON2(ENABLE_IHRCO|MCK_CKMI_X533|OSCIn_IHRCO); 
  10   1          DelayXus(100);    
  11   1          CLK_SetCKCON3(0x06);                                    //12MHz/2*5.33/2 = 16MHz 
  12   1      #endif
  13   1       
  14   1      #if (MCU_SYSCLK == 24000000)
                      // SysClk=24MHz CpuClk=24MHz
                      CLK_SetCKCON0(IHRCO_12MHz|ENABLE_CKM|CKM_OSCIN_DIV_2|CPUCLK_SYSCLK_DIV_1|SYSCLK_MCKDO_DIV_1);
                      DelayXus(100);
                      // IHRCO, MCK=CKMIx4, OSCin=IHRCO
                      CLK_SetCKCON2(ENABLE_IHRCO|MCK_CKMI_X4|OSCIn_IHRCO);
              #endif
  21   1      }
  22          
  23          
  24          void Init_WDT(void)
  25          {
  26   1          PCON1 |= WDTF;
  27   1          WDT_SetClock_32K_DIV_16_256ms();
  28   1          WDT_EnReset();
  29   1              WDT_Enable();           // 使能看门狗
  30   1      }
  31          
  32          void ClearWDT(void)
  33          {
  34   1          WDT_Clear();
  35   1      }


MODULE INFORMATION:   STATIC OVERLAYABLE
   CODE SIZE        =     94    ----
   CONSTANT SIZE    =   ----    ----
   XDATA SIZE       =   ----    ----
   PDATA SIZE       =   ----    ----
   DATA SIZE        =   ----    ----
   IDATA SIZE       =   ----    ----
   BIT SIZE         =   ----    ----
END OF MODULE INFORMATION.


C51 COMPILATION COMPLETE.  0 WARNING(S),  0 ERROR(S)
